# JRE version: Java(TM) SE Runtime Environment (8.0_341-b10) (build 1.8.0_341-b10)
# Java VM: Java HotSpot(TM) 64-Bit Server VM (25.341-b10 mixed mode windows-amd64 compressed oops)
Heap:
 PSYoungGen      total 286208K, used 21278K [0x00000000d6c00000, 0x00000000eae80000, 0x0000000100000000)
  eden space 269312K, 1% used [0x00000000d6c00000,0x00000000d7049170,0x00000000e7300000)
  from space 16896K, 99% used [0x00000000e8c80000,0x00000000e9cfea18,0x00000000e9d00000)
  to   space 26112K, 0% used [0x00000000e7300000,0x00000000e7300000,0x00000000e8c80000)
 ParOldGen       total 72704K, used 42578K [0x0000000084400000, 0x0000000088b00000, 0x00000000d6c00000)
  object space 72704K, 58% used [0x0000000084400000,0x0000000086d94a20,0x0000000088b00000)
 Metaspace       used 53158K, capacity 57224K, committed 57392K, reserved 1099776K
  class space    used 6960K, capacity 7703K, committed 7728K, reserved 1048576K
GC Heap History (10 events):
Event: 3.094 GC heap before
{Heap before GC invocations=8 (full 1):
 PSYoungGen      total 120832K, used 120422K [0x00000000d6c00000, 0x00000000df880000, 0x0000000100000000)
  eden space 113664K, 100% used [0x00000000d6c00000,0x00000000ddb00000,0x00000000ddb00000)
  from space 7168K, 94% used [0x00000000df180000,0x00000000df819a00,0x00000000df880000)
  to   space 9216K, 0% used [0x00000000de680000,0x00000000de680000,0x00000000def80000)
 ParOldGen       total 49664K, used 7214K [0x0000000084400000, 0x0000000087480000, 0x00000000d6c00000)
  object space 49664K, 14% used [0x0000000084400000,0x0000000084b0b9a0,0x0000000087480000)
 Metaspace       used 28427K, capacity 30218K, committed 30384K, reserved 1075200K
  class space    used 3788K, capacity 4151K, committed 4272K, reserved 1048576K
Event: 3.106 GC heap after
Heap after GC invocations=8 (full 1):
 PSYoungGen      total 134656K, used 9199K [0x00000000d6c00000, 0x00000000e4700000, 0x0000000100000000)
  eden space 125440K, 0% used [0x00000000d6c00000,0x00000000d6c00000,0x00000000de680000)
  from space 9216K, 99% used [0x00000000de680000,0x00000000def7bc98,0x00000000def80000)
  to   space 11776K, 0% used [0x00000000e3b80000,0x00000000e3b80000,0x00000000e4700000)
 ParOldGen       total 49664K, used 10892K [0x0000000084400000, 0x0000000087480000, 0x00000000d6c00000)
  object space 49664K, 21% used [0x0000000084400000,0x0000000084ea30b8,0x0000000087480000)
 Metaspace       used 28427K, capacity 30218K, committed 30384K, reserved 1075200K
  class space    used 3788K, capacity 4151K, committed 4272K, reserved 1048576K
}
Event: 4.352 GC heap before
{Heap before GC invocations=9 (full 1):
 PSYoungGen      total 134656K, used 78527K [0x00000000d6c00000, 0x00000000e4700000, 0x0000000100000000)
  eden space 125440K, 55% used [0x00000000d6c00000,0x00000000dafb4358,0x00000000de680000)
  from space 9216K, 99% used [0x00000000de680000,0x00000000def7bc98,0x00000000def80000)
  to   space 11776K, 0% used [0x00000000e3b80000,0x00000000e3b80000,0x00000000e4700000)
 ParOldGen       total 49664K, used 10892K [0x0000000084400000, 0x0000000087480000, 0x00000000d6c00000)
  object space 49664K, 21% used [0x0000000084400000,0x0000000084ea30b8,0x0000000087480000)
 Metaspace       used 33362K, capacity 35404K, committed 35496K, reserved 1079296K
  class space    used 4408K, capacity 4834K, committed 4912K, reserved 1048576K
Event: 4.361 GC heap after
Heap after GC invocations=9 (full 1):
 PSYoungGen      total 210944K, used 11474K [0x00000000d6c00000, 0x00000000e5900000, 0x0000000100000000)
  eden space 199168K, 0% used [0x00000000d6c00000,0x00000000d6c00000,0x00000000e2e80000)
  from space 11776K, 97% used [0x00000000e3b80000,0x00000000e46b4b18,0x00000000e4700000)
  to   space 13312K, 0% used [0x00000000e2e80000,0x00000000e2e80000,0x00000000e3b80000)
 ParOldGen       total 49664K, used 10900K [0x0000000084400000, 0x0000000087480000, 0x00000000d6c00000)
  object space 49664K, 21% used [0x0000000084400000,0x0000000084ea50b8,0x0000000087480000)
 Metaspace       used 33362K, capacity 35404K, committed 35496K, reserved 1079296K
  class space    used 4408K, capacity 4834K, committed 4912K, reserved 1048576K
}
Event: 4.361 GC heap before
{Heap before GC invocations=10 (full 2):
 PSYoungGen      total 210944K, used 11474K [0x00000000d6c00000, 0x00000000e5900000, 0x0000000100000000)
  eden space 199168K, 0% used [0x00000000d6c00000,0x00000000d6c00000,0x00000000e2e80000)
  from space 11776K, 97% used [0x00000000e3b80000,0x00000000e46b4b18,0x00000000e4700000)
  to   space 13312K, 0% used [0x00000000e2e80000,0x00000000e2e80000,0x00000000e3b80000)
 ParOldGen       total 49664K, used 10900K [0x0000000084400000, 0x0000000087480000, 0x00000000d6c00000)
  object space 49664K, 21% used [0x0000000084400000,0x0000000084ea50b8,0x0000000087480000)
 Metaspace       used 33362K, capacity 35404K, committed 35496K, reserved 1079296K
  class space    used 4408K, capacity 4834K, committed 4912K, reserved 1048576K
Event: 4.395 GC heap after
Heap after GC invocations=10 (full 2):
 PSYoungGen      total 210944K, used 0K [0x00000000d6c00000, 0x00000000e5900000, 0x0000000100000000)
  eden space 199168K, 0% used [0x00000000d6c00000,0x00000000d6c00000,0x00000000e2e80000)
  from space 11776K, 0% used [0x00000000e3b80000,0x00000000e3b80000,0x00000000e4700000)
  to   space 13312K, 0% used [0x00000000e2e80000,0x00000000e2e80000,0x00000000e3b80000)
 ParOldGen       total 72704K, used 17426K [0x0000000084400000, 0x0000000088b00000, 0x00000000d6c00000)
  object space 72704K, 23% used [0x0000000084400000,0x0000000085504920,0x0000000088b00000)
 Metaspace       used 33362K, capacity 35404K, committed 35496K, reserved 1079296K
  class space    used 4408K, capacity 4834K, committed 4912K, reserved 1048576K
}
Event: 5.792 GC heap before
{Heap before GC invocations=11 (full 2):
 PSYoungGen      total 210944K, used 199168K [0x00000000d6c00000, 0x00000000e5900000, 0x0000000100000000)
  eden space 199168K, 100% used [0x00000000d6c00000,0x00000000e2e80000,0x00000000e2e80000)
  from space 11776K, 0% used [0x00000000e3b80000,0x00000000e3b80000,0x00000000e4700000)
  to   space 13312K, 0% used [0x00000000e2e80000,0x00000000e2e80000,0x00000000e3b80000)
 ParOldGen       total 72704K, used 17426K [0x0000000084400000, 0x0000000088b00000, 0x00000000d6c00000)
  object space 72704K, 23% used [0x0000000084400000,0x0000000085504920,0x0000000088b00000)
 Metaspace       used 42828K, capacity 45218K, committed 45488K, reserved 1089536K
  class space    used 5491K, capacity 5957K, committed 6064K, reserved 1048576K
Event: 5.817 GC heap after
Heap after GC invocations=11 (full 2):
 PSYoungGen      total 212480K, used 13301K [0x00000000d6c00000, 0x00000000e9d00000, 0x0000000100000000)
  eden space 199168K, 0% used [0x00000000d6c00000,0x00000000d6c00000,0x00000000e2e80000)
  from space 13312K, 99% used [0x00000000e2e80000,0x00000000e3b7d408,0x00000000e3b80000)
  to   space 16896K, 0% used [0x00000000e8c80000,0x00000000e8c80000,0x00000000e9d00000)
 ParOldGen       total 72704K, used 22531K [0x0000000084400000, 0x0000000088b00000, 0x00000000d6c00000)
  object space 72704K, 30% used [0x0000000084400000,0x0000000085a00e40,0x0000000088b00000)
 Metaspace       used 42828K, capacity 45218K, committed 45488K, reserved 1089536K
  class space    used 5491K, capacity 5957K, committed 6064K, reserved 1048576K
}
Event: 7.045 GC heap before
{Heap before GC invocations=12 (full 2):
 PSYoungGen      total 212480K, used 212469K [0x00000000d6c00000, 0x00000000e9d00000, 0x0000000100000000)
  eden space 199168K, 100% used [0x00000000d6c00000,0x00000000e2e80000,0x00000000e2e80000)
  from space 13312K, 99% used [0x00000000e2e80000,0x00000000e3b7d408,0x00000000e3b80000)
  to   space 16896K, 0% used [0x00000000e8c80000,0x00000000e8c80000,0x00000000e9d00000)
 ParOldGen       total 72704K, used 22531K [0x0000000084400000, 0x0000000088b00000, 0x00000000d6c00000)
  object space 72704K, 30% used [0x0000000084400000,0x0000000085a00e40,0x0000000088b00000)
 Metaspace       used 53158K, capacity 57224K, committed 57392K, reserved 1099776K
  class space    used 6960K, capacity 7703K, committed 7728K, reserved 1048576K
Event: 7.073 GC heap after
Heap after GC invocations=12 (full 2):
 PSYoungGen      total 286208K, used 16890K [0x00000000d6c00000, 0x00000000eae80000, 0x0000000100000000)
  eden space 269312K, 0% used [0x00000000d6c00000,0x00000000d6c00000,0x00000000e7300000)
  from space 16896K, 99% used [0x00000000e8c80000,0x00000000e9cfea18,0x00000000e9d00000)
  to   space 26112K, 0% used [0x00000000e7300000,0x00000000e7300000,0x00000000e8c80000)
 ParOldGen       total 72704K, used 42578K [0x0000000084400000, 0x0000000088b00000, 0x00000000d6c00000)
  object space 72704K, 58% used [0x0000000084400000,0x0000000086d94a20,0x0000000088b00000)
 Metaspace       used 53158K, capacity 57224K, committed 57392K, reserved 1099776K
  class space    used 6960K, capacity 7703K, committed 7728K, reserved 1048576K
}

